Using pre-set license

 COMMAND LINE ARGUMENTS:
/Applications/2020.3.3f1/Unity.app/Contents/MacOS/Unity
-adb2
-batchMode
-noUpm
-name
AssetImportWorker0
-projectPath
/Users/arhanbusam/Dropbox/Arhan's Documents/Unity/RPG
-logFile
Logs/AssetImportWorker0.log
-srvPort
61935
Successfully changed project path to: /Users/arhanbusam/Dropbox/Arhan's Documents/Unity/RPG
/Users/arhanbusam/Dropbox/Arhan's Documents/Unity/RPG
Using Asset Import Pipeline V2.
Refreshing native plugins compatible for Editor in 25.74 ms, found 1 plugins.
Preloading 0 native plugins for Editor in 0.00 ms.
Initialize engine version: 2020.3.3f1 (76626098c1c4)
[Subsystems] Discovering subsystems at path /Applications/2020.3.3f1/Unity.app/Contents/Resources/UnitySubsystems
[Subsystems] Discovering subsystems at path /Users/arhanbusam/Dropbox/Arhan's Documents/Unity/RPG/Assets
GfxDevice: creating device client; threaded=0
2021-04-19 15:24:31.705 Unity[87233:2302466] Color LCD preferred device: Intel(R) HD Graphics 630 (low power)
2021-04-19 15:24:31.705 Unity[87233:2302466] Metal devices available: 2
2021-04-19 15:24:31.705 Unity[87233:2302466] 0: AMD Radeon Pro 560 (high power)
2021-04-19 15:24:31.705 Unity[87233:2302466] 1: Intel(R) HD Graphics 630 (low power)
2021-04-19 15:24:31.706 Unity[87233:2302466] Using device AMD Radeon Pro 560 (high power)
Initializing Metal device caps: AMD Radeon Pro 560
Initialize mono
Mono path[0] = '/Applications/2020.3.3f1/Unity.app/Contents/Managed'
Mono path[1] = '/Applications/2020.3.3f1/Unity.app/Contents/MonoBleedingEdge/lib/mono/unityjit'
Mono config path = '/Applications/2020.3.3f1/Unity.app/Contents/MonoBleedingEdge/etc'
Using monoOptions --debugger-agent=transport=dt_socket,embedding=1,server=y,suspend=n,address=127.0.0.1:56233
Begin MonoManager ReloadAssembly
Registering precompiled unity dll's ...
Register platform support module: /Applications/2020.3.3f1/PlaybackEngines/WebGLSupport/UnityEditor.WebGL.Extensions.dll
Register platform support module: /Applications/2020.3.3f1/Unity.app/Contents/PlaybackEngines/MacStandaloneSupport/UnityEditor.OSXStandalone.Extensions.dll
Registered in 0.004993 seconds.
Native extension for OSXStandalone target not found
Native extension for WebGL target not found
Refreshing native plugins compatible for Editor in 25.96 ms, found 1 plugins.
Preloading 0 native plugins for Editor in 0.00 ms.
Invoked RoslynAnalysisRunner static constructor.
RoslynAnalysisRunner will not be running.
RoslynAnalysisRunner has terminated.
Mono: successfully reloaded assembly
- Completed reload, in  3.647 seconds
Platform modules already initialized, skipping
Registering precompiled user dll's ...
Registered in 0.001009 seconds.
Begin MonoManager ReloadAssembly
Native extension for OSXStandalone target not found
Native extension for WebGL target not found
Refreshing native plugins compatible for Editor in 0.32 ms, found 1 plugins.
Preloading 0 native plugins for Editor in 0.00 ms.
Invoked RoslynAnalysisRunner static constructor.
RoslynAnalysisRunner will not be running.
RoslynAnalysisRunner has terminated.
Mono: successfully reloaded assembly
- Completed reload, in  1.263 seconds
Platform modules already initialized, skipping
========================================================================
Worker process is ready to serve import requests
Launching external process: /Applications/2020.3.3f1/Unity.app/Contents/Tools/UnityShaderCompiler
Launched and connected shader compiler UnityShaderCompiler after 0.01 seconds
Refreshing native plugins compatible for Editor in 0.26 ms, found 1 plugins.
Preloading 0 native plugins for Editor in 0.00 ms.
Unloading 1119 Unused Serialized files (Serialized files now loaded: 0)
System memory in use before: 129.2 MB.
System memory in use after: 129.3 MB.

Unloading 10 unused Assets to reduce memory usage. Loaded Objects now: 1580.
Total: 2.515756 ms (FindLiveObjects: 0.180789 ms CreateObjectMapping: 0.044851 ms MarkObjects: 2.167034 ms  DeleteObjects: 0.121984 ms)

========================================================================
Received Import Request.
  path: Assets/Scripts/Mover.cs
  artifactKey: Guid(ddfe1c945122d4550a6dd07ab05bb686) Importer(815301076,1909f56bfc062723c751e8b465ee728b)
Start importing Assets/Scripts/Mover.cs using Guid(ddfe1c945122d4550a6dd07ab05bb686) Importer(815301076,1909f56bfc062723c751e8b465ee728b)  -> (artifact id: 'bb1380c55dfef212a410cbe63be490f8') in 0.348935 seconds
  Import took 0.351493 seconds .

========================================================================
Received Import Request.
  Time since last request: 0.266038 seconds.
  path: Assets/Scripts/Mover1.cs
  artifactKey: Guid(f9820330a110049ef8d56b9a21f666a5) Importer(815301076,1909f56bfc062723c751e8b465ee728b)
Start importing Assets/Scripts/Mover1.cs using Guid(f9820330a110049ef8d56b9a21f666a5) Importer(815301076,1909f56bfc062723c751e8b465ee728b)  -> (artifact id: '6ed37088ce3ccffeb387207d15d78576') in 0.003584 seconds
  Import took 0.006055 seconds .

========================================================================
Received Import Request.
  Time since last request: 0.431053 seconds.
  path: Assets/Scripts/FollowCamera1.cs
  artifactKey: Guid(e0072fee7e4c741738ac86d56ecd45d6) Importer(815301076,1909f56bfc062723c751e8b465ee728b)
Start importing Assets/Scripts/FollowCamera1.cs using Guid(e0072fee7e4c741738ac86d56ecd45d6) Importer(815301076,1909f56bfc062723c751e8b465ee728b)  -> (artifact id: '58f92a0f0d41904bdba1d887df36f2d6') in 0.008015 seconds
  Import took 0.010259 seconds .

========================================================================
Received Prepare
Registering precompiled user dll's ...
Registered in 0.000457 seconds.
Begin MonoManager ReloadAssembly
Native extension for OSXStandalone target not found
Native extension for WebGL target not found
Refreshing native plugins compatible for Editor in 0.30 ms, found 1 plugins.
Preloading 0 native plugins for Editor in 0.00 ms.
Invoked RoslynAnalysisRunner static constructor.
RoslynAnalysisRunner will not be running.
RoslynAnalysisRunner has terminated.
Mono: successfully reloaded assembly
- Completed reload, in  1.037 seconds
Platform modules already initialized, skipping
Refreshing native plugins compatible for Editor in 0.34 ms, found 1 plugins.
Preloading 0 native plugins for Editor in 0.00 ms.
Unloading 1112 Unused Serialized files (Serialized files now loaded: 0)
System memory in use before: 133.6 MB.
System memory in use after: 133.7 MB.

Unloading 7 unused Assets to reduce memory usage. Loaded Objects now: 1581.
Total: 1.843940 ms (FindLiveObjects: 0.183773 ms CreateObjectMapping: 0.034563 ms MarkObjects: 1.530664 ms  DeleteObjects: 0.093991 ms)

========================================================================
Received Import Request.
  Time since last request: 21.082807 seconds.
  path: Assets/Scripts/FollowCamera.cs
  artifactKey: Guid(e0072fee7e4c741738ac86d56ecd45d6) Importer(815301076,1909f56bfc062723c751e8b465ee728b)
Start importing Assets/Scripts/FollowCamera.cs using Guid(e0072fee7e4c741738ac86d56ecd45d6) Importer(815301076,1909f56bfc062723c751e8b465ee728b)  -> (artifact id: '78f11a35606ab32ed6e65c59ecd1b9ee') in 0.005822 seconds
  Import took 0.009312 seconds .

========================================================================
Received Prepare
Registering precompiled user dll's ...
Registered in 0.000407 seconds.
Begin MonoManager ReloadAssembly
Native extension for OSXStandalone target not found
Native extension for WebGL target not found
Refreshing native plugins compatible for Editor in 0.23 ms, found 1 plugins.
Preloading 0 native plugins for Editor in 0.00 ms.
Invoked RoslynAnalysisRunner static constructor.
RoslynAnalysisRunner will not be running.
RoslynAnalysisRunner has terminated.
Mono: successfully reloaded assembly
- Completed reload, in  1.197 seconds
Platform modules already initialized, skipping
Refreshing native plugins compatible for Editor in 0.24 ms, found 1 plugins.
Preloading 0 native plugins for Editor in 0.00 ms.
Unloading 1112 Unused Serialized files (Serialized files now loaded: 0)
System memory in use before: 133.8 MB.
System memory in use after: 133.9 MB.

Unloading 5 unused Assets to reduce memory usage. Loaded Objects now: 1584.
Total: 1.800425 ms (FindLiveObjects: 0.179599 ms CreateObjectMapping: 0.042304 ms MarkObjects: 1.508561 ms  DeleteObjects: 0.067602 ms)

========================================================================
Received Import Request.
  Time since last request: 7.412776 seconds.
  path: Assets/Scripts/Mover.cs
  artifactKey: Guid(f9820330a110049ef8d56b9a21f666a5) Importer(815301076,1909f56bfc062723c751e8b465ee728b)
Start importing Assets/Scripts/Mover.cs using Guid(f9820330a110049ef8d56b9a21f666a5) Importer(815301076,1909f56bfc062723c751e8b465ee728b)  -> (artifact id: '2e598f78650e6ded037ff27faf41d732') in 0.004898 seconds
  Import took 0.008036 seconds .

========================================================================
Received Prepare
Registering precompiled user dll's ...
Registered in 0.000417 seconds.
Begin MonoManager ReloadAssembly
Native extension for OSXStandalone target not found
Native extension for WebGL target not found
Refreshing native plugins compatible for Editor in 0.24 ms, found 1 plugins.
Preloading 0 native plugins for Editor in 0.00 ms.
Invoked RoslynAnalysisRunner static constructor.
RoslynAnalysisRunner will not be running.
RoslynAnalysisRunner has terminated.
Mono: successfully reloaded assembly
- Completed reload, in  1.079 seconds
Platform modules already initialized, skipping
Refreshing native plugins compatible for Editor in 0.27 ms, found 1 plugins.
Preloading 0 native plugins for Editor in 0.00 ms.
Unloading 1112 Unused Serialized files (Serialized files now loaded: 0)
System memory in use before: 134.1 MB.
System memory in use after: 134.1 MB.

Unloading 5 unused Assets to reduce memory usage. Loaded Objects now: 1587.
Total: 1.940300 ms (FindLiveObjects: 0.200104 ms CreateObjectMapping: 0.048709 ms MarkObjects: 1.611133 ms  DeleteObjects: 0.078680 ms)

========================================================================
Received Prepare
Registering precompiled user dll's ...
Registered in 0.000589 seconds.
Begin MonoManager ReloadAssembly
Native extension for OSXStandalone target not found
Native extension for WebGL target not found
Refreshing native plugins compatible for Editor in 0.23 ms, found 1 plugins.
Preloading 0 native plugins for Editor in 0.00 ms.
Invoked RoslynAnalysisRunner static constructor.
RoslynAnalysisRunner will not be running.
RoslynAnalysisRunner has terminated.
Mono: successfully reloaded assembly
- Completed reload, in  0.997 seconds
Platform modules already initialized, skipping
Refreshing native plugins compatible for Editor in 0.22 ms, found 1 plugins.
Preloading 0 native plugins for Editor in 0.00 ms.
Unloading 1112 Unused Serialized files (Serialized files now loaded: 0)
System memory in use before: 134.3 MB.
System memory in use after: 134.4 MB.

Unloading 5 unused Assets to reduce memory usage. Loaded Objects now: 1590.
Total: 2.845628 ms (FindLiveObjects: 0.347677 ms CreateObjectMapping: 0.097071 ms MarkObjects: 2.271385 ms  DeleteObjects: 0.127329 ms)

========================================================================
Received Import Request.
  Time since last request: 135.725403 seconds.
  path: Assets/Characters/Character.controller
  artifactKey: Guid(43fe1fd7c4860470ea1aef97dfe8144a) Importer(815301076,1909f56bfc062723c751e8b465ee728b)
Start importing Assets/Characters/Character.controller using Guid(43fe1fd7c4860470ea1aef97dfe8144a) Importer(815301076,1909f56bfc062723c751e8b465ee728b)  -> (artifact id: 'af5e4576d4f56683bdef7bce2bdf712c') in 1.504421 seconds
  Import took 1.506863 seconds .

========================================================================
Received Import Request.
  Time since last request: 2.410621 seconds.
  path: Assets/Characters/Character.controller
  artifactKey: Guid(43fe1fd7c4860470ea1aef97dfe8144a) Importer(815301076,1909f56bfc062723c751e8b465ee728b)
Start importing Assets/Characters/Character.controller using Guid(43fe1fd7c4860470ea1aef97dfe8144a) Importer(815301076,1909f56bfc062723c751e8b465ee728b)  -> (artifact id: '8afe0527e0a2c869ca8581e99c7d7ce0') in 0.008471 seconds
  Import took 0.011090 seconds .

========================================================================
Received Prepare
Registering precompiled user dll's ...
Registered in 0.001066 seconds.
Begin MonoManager ReloadAssembly
Native extension for OSXStandalone target not found
Native extension for WebGL target not found
Refreshing native plugins compatible for Editor in 0.25 ms, found 1 plugins.
Preloading 0 native plugins for Editor in 0.00 ms.
Invoked RoslynAnalysisRunner static constructor.
RoslynAnalysisRunner will not be running.
RoslynAnalysisRunner has terminated.
Mono: successfully reloaded assembly
- Completed reload, in  1.263 seconds
Platform modules already initialized, skipping
Refreshing native plugins compatible for Editor in 0.25 ms, found 1 plugins.
Preloading 0 native plugins for Editor in 0.00 ms.
Unloading 1112 Unused Serialized files (Serialized files now loaded: 0)
System memory in use before: 138.7 MB.
System memory in use after: 138.8 MB.

Unloading 5 unused Assets to reduce memory usage. Loaded Objects now: 1593.
Total: 2.341859 ms (FindLiveObjects: 0.329601 ms CreateObjectMapping: 0.081288 ms MarkObjects: 1.787093 ms  DeleteObjects: 0.142444 ms)

========================================================================
Received Prepare
Registering precompiled user dll's ...
Registered in 0.000579 seconds.
Begin MonoManager ReloadAssembly
Native extension for OSXStandalone target not found
Native extension for WebGL target not found
Refreshing native plugins compatible for Editor in 0.23 ms, found 1 plugins.
Preloading 0 native plugins for Editor in 0.00 ms.
Invoked RoslynAnalysisRunner static constructor.
RoslynAnalysisRunner will not be running.
RoslynAnalysisRunner has terminated.
Mono: successfully reloaded assembly
- Completed reload, in  1.146 seconds
Platform modules already initialized, skipping
Refreshing native plugins compatible for Editor in 0.22 ms, found 1 plugins.
Preloading 0 native plugins for Editor in 0.00 ms.
Unloading 1112 Unused Serialized files (Serialized files now loaded: 0)
System memory in use before: 138.9 MB.
System memory in use after: 139.0 MB.

Unloading 5 unused Assets to reduce memory usage. Loaded Objects now: 1596.
Total: 1.719748 ms (FindLiveObjects: 0.188408 ms CreateObjectMapping: 0.039194 ms MarkObjects: 1.421581 ms  DeleteObjects: 0.069431 ms)

========================================================================
Received Prepare
Registering precompiled user dll's ...
Registered in 0.000630 seconds.
Begin MonoManager ReloadAssembly
Native extension for OSXStandalone target not found
Native extension for WebGL target not found
Refreshing native plugins compatible for Editor in 0.36 ms, found 1 plugins.
Preloading 0 native plugins for Editor in 0.00 ms.
Invoked RoslynAnalysisRunner static constructor.
RoslynAnalysisRunner will not be running.
RoslynAnalysisRunner has terminated.
Mono: successfully reloaded assembly
- Completed reload, in  1.701 seconds
Platform modules already initialized, skipping
Refreshing native plugins compatible for Editor in 0.34 ms, found 1 plugins.
Preloading 0 native plugins for Editor in 0.00 ms.
Unloading 1112 Unused Serialized files (Serialized files now loaded: 0)
System memory in use before: 139.2 MB.
System memory in use after: 139.2 MB.

Unloading 5 unused Assets to reduce memory usage. Loaded Objects now: 1599.
Total: 3.553648 ms (FindLiveObjects: 0.218082 ms CreateObjectMapping: 0.049817 ms MarkObjects: 3.188983 ms  DeleteObjects: 0.094769 ms)

========================================================================
Received Import Request.
  Time since last request: 414.443743 seconds.
  path: Assets/Prefabs/Follow Camera.prefab
  artifactKey: Guid(f6309161804ee4892a8310fc2ad52aae) Importer(815301076,1909f56bfc062723c751e8b465ee728b)
Start importing Assets/Prefabs/Follow Camera.prefab using Guid(f6309161804ee4892a8310fc2ad52aae) Importer(815301076,1909f56bfc062723c751e8b465ee728b)  -> (artifact id: '02c63f16431ffc124df990ccd592e96f') in 0.607756 seconds
  Import took 0.612244 seconds .

========================================================================
Received Import Request.
  Time since last request: 0.000351 seconds.
  path: Assets/Prefabs/Player.prefab
  artifactKey: Guid(b2b3701a0c0804dadb27b56ba5bd8feb) Importer(815301076,1909f56bfc062723c751e8b465ee728b)
Start importing Assets/Prefabs/Player.prefab using Guid(b2b3701a0c0804dadb27b56ba5bd8feb) Importer(815301076,1909f56bfc062723c751e8b465ee728b)  -> (artifact id: 'addb70f8c6d939c990ebcc9d64447e6f') in 0.241038 seconds
  Import took 0.246268 seconds .

========================================================================
Received Import Request.
  Time since last request: 0.202154 seconds.
  path: Assets/Prefabs/Player.prefab
  artifactKey: Guid(b2b3701a0c0804dadb27b56ba5bd8feb) Importer(815301076,1909f56bfc062723c751e8b465ee728b)
Start importing Assets/Prefabs/Player.prefab using Guid(b2b3701a0c0804dadb27b56ba5bd8feb) Importer(815301076,1909f56bfc062723c751e8b465ee728b)  -> (artifact id: 'addb70f8c6d939c990ebcc9d64447e6f') in 0.036109 seconds
  Import took 0.040055 seconds .

========================================================================
Received Import Request.
  Time since last request: 4.075507 seconds.
  path: Assets/Prefabs/Player.prefab
  artifactKey: Guid(b2b3701a0c0804dadb27b56ba5bd8feb) Importer(815301076,1909f56bfc062723c751e8b465ee728b)
Start importing Assets/Prefabs/Player.prefab using Guid(b2b3701a0c0804dadb27b56ba5bd8feb) Importer(815301076,1909f56bfc062723c751e8b465ee728b)  -> (artifact id: '6e7af9e05c103e598acd44c01c2728cc') in 0.036027 seconds
  Import took 0.040800 seconds .

========================================================================
Received Import Request.
  Time since last request: 3.954558 seconds.
  path: Assets/Prefabs/Player.prefab
  artifactKey: Guid(b2b3701a0c0804dadb27b56ba5bd8feb) Importer(815301076,1909f56bfc062723c751e8b465ee728b)
Start importing Assets/Prefabs/Player.prefab using Guid(b2b3701a0c0804dadb27b56ba5bd8feb) Importer(815301076,1909f56bfc062723c751e8b465ee728b)  -> (artifact id: '58ee9246eff246ccef19c51c9f71e786') in 0.038759 seconds
  Import took 0.043293 seconds .

========================================================================
Received Prepare
Registering precompiled user dll's ...
Registered in 0.000518 seconds.
Begin MonoManager ReloadAssembly
Native extension for OSXStandalone target not found
Native extension for WebGL target not found
Refreshing native plugins compatible for Editor in 0.25 ms, found 1 plugins.
Preloading 0 native plugins for Editor in 0.00 ms.
Invoked RoslynAnalysisRunner static constructor.
RoslynAnalysisRunner will not be running.
RoslynAnalysisRunner has terminated.
Mono: successfully reloaded assembly
- Completed reload, in  1.053 seconds
Platform modules already initialized, skipping
Refreshing native plugins compatible for Editor in 0.22 ms, found 1 plugins.
Preloading 0 native plugins for Editor in 0.00 ms.
Unloading 1112 Unused Serialized files (Serialized files now loaded: 0)
System memory in use before: 160.9 MB.
System memory in use after: 160.9 MB.

Unloading 5 unused Assets to reduce memory usage. Loaded Objects now: 1610.
Total: 1.978404 ms (FindLiveObjects: 0.273103 ms CreateObjectMapping: 0.116579 ms MarkObjects: 1.516924 ms  DeleteObjects: 0.070886 ms)

========================================================================
Received Prepare
Registering precompiled user dll's ...
Registered in 0.001164 seconds.
Begin MonoManager ReloadAssembly
Native extension for OSXStandalone target not found
Native extension for WebGL target not found
Refreshing native plugins compatible for Editor in 0.24 ms, found 1 plugins.
Preloading 0 native plugins for Editor in 0.00 ms.
Invoked RoslynAnalysisRunner static constructor.
RoslynAnalysisRunner will not be running.
RoslynAnalysisRunner has terminated.
Mono: successfully reloaded assembly
- Completed reload, in  1.220 seconds
Platform modules already initialized, skipping
Refreshing native plugins compatible for Editor in 0.26 ms, found 1 plugins.
Preloading 0 native plugins for Editor in 0.00 ms.
Unloading 1112 Unused Serialized files (Serialized files now loaded: 0)
System memory in use before: 161.0 MB.
System memory in use after: 161.1 MB.

Unloading 5 unused Assets to reduce memory usage. Loaded Objects now: 1613.
Total: 2.895776 ms (FindLiveObjects: 0.526145 ms CreateObjectMapping: 0.151679 ms MarkObjects: 2.132353 ms  DeleteObjects: 0.083573 ms)

========================================================================
Received Prepare
Registering precompiled user dll's ...
Registered in 0.000759 seconds.
Begin MonoManager ReloadAssembly
Native extension for OSXStandalone target not found
Native extension for WebGL target not found
Refreshing native plugins compatible for Editor in 0.25 ms, found 1 plugins.
Preloading 0 native plugins for Editor in 0.00 ms.
Invoked RoslynAnalysisRunner static constructor.
RoslynAnalysisRunner will not be running.
RoslynAnalysisRunner has terminated.
Mono: successfully reloaded assembly
- Completed reload, in  1.516 seconds
Platform modules already initialized, skipping
Refreshing native plugins compatible for Editor in 0.30 ms, found 1 plugins.
Preloading 0 native plugins for Editor in 0.00 ms.
Unloading 1112 Unused Serialized files (Serialized files now loaded: 0)
System memory in use before: 161.2 MB.
System memory in use after: 161.3 MB.

Unloading 5 unused Assets to reduce memory usage. Loaded Objects now: 1616.
Total: 2.769802 ms (FindLiveObjects: 0.295276 ms CreateObjectMapping: 0.063338 ms MarkObjects: 2.313041 ms  DeleteObjects: 0.095945 ms)

========================================================================
Received Import Request.
  Time since last request: 186.845805 seconds.
  path: Assets/Prefabs/Player.prefab
  artifactKey: Guid(b2b3701a0c0804dadb27b56ba5bd8feb) Importer(815301076,1909f56bfc062723c751e8b465ee728b)
Start importing Assets/Prefabs/Player.prefab using Guid(b2b3701a0c0804dadb27b56ba5bd8feb) Importer(815301076,1909f56bfc062723c751e8b465ee728b)  -> (artifact id: 'd693de8196e8954b829aa7abe13c4ee1') in 0.142090 seconds
  Import took 0.145226 seconds .

========================================================================
Received Prepare
Registering precompiled user dll's ...
Registered in 0.001049 seconds.
Begin MonoManager ReloadAssembly
Native extension for OSXStandalone target not found
Native extension for WebGL target not found
Refreshing native plugins compatible for Editor in 0.23 ms, found 1 plugins.
Preloading 0 native plugins for Editor in 0.00 ms.
Invoked RoslynAnalysisRunner static constructor.
RoslynAnalysisRunner will not be running.
RoslynAnalysisRunner has terminated.
Mono: successfully reloaded assembly
- Completed reload, in  1.140 seconds
Platform modules already initialized, skipping
Refreshing native plugins compatible for Editor in 0.23 ms, found 1 plugins.
Preloading 0 native plugins for Editor in 0.00 ms.
Unloading 1112 Unused Serialized files (Serialized files now loaded: 0)
System memory in use before: 161.5 MB.
System memory in use after: 161.6 MB.

Unloading 5 unused Assets to reduce memory usage. Loaded Objects now: 1620.
Total: 1.706643 ms (FindLiveObjects: 0.156754 ms CreateObjectMapping: 0.038988 ms MarkObjects: 1.441377 ms  DeleteObjects: 0.068709 ms)

========================================================================
Received Prepare
Registering precompiled user dll's ...
Registered in 0.000447 seconds.
Begin MonoManager ReloadAssembly
Native extension for OSXStandalone target not found
Native extension for WebGL target not found
Refreshing native plugins compatible for Editor in 0.23 ms, found 1 plugins.
Preloading 0 native plugins for Editor in 0.00 ms.
Invoked RoslynAnalysisRunner static constructor.
RoslynAnalysisRunner will not be running.
RoslynAnalysisRunner has terminated.
Mono: successfully reloaded assembly
- Completed reload, in  1.060 seconds
Platform modules already initialized, skipping
Refreshing native plugins compatible for Editor in 0.23 ms, found 1 plugins.
Preloading 0 native plugins for Editor in 0.00 ms.
Unloading 1112 Unused Serialized files (Serialized files now loaded: 0)
System memory in use before: 161.7 MB.
System memory in use after: 161.8 MB.

Unloading 5 unused Assets to reduce memory usage. Loaded Objects now: 1623.
Total: 3.678533 ms (FindLiveObjects: 0.413838 ms CreateObjectMapping: 0.163997 ms MarkObjects: 3.012000 ms  DeleteObjects: 0.087023 ms)

========================================================================
Received Import Request.
  Time since last request: 102.566021 seconds.
  path: Assets/Prefabs/Player.prefab
  artifactKey: Guid(b2b3701a0c0804dadb27b56ba5bd8feb) Importer(815301076,1909f56bfc062723c751e8b465ee728b)
Start importing Assets/Prefabs/Player.prefab using Guid(b2b3701a0c0804dadb27b56ba5bd8feb) Importer(815301076,1909f56bfc062723c751e8b465ee728b)  -> (artifact id: '1d3a6f877544397d03f3966c42616786') in 0.123885 seconds
  Import took 0.127540 seconds .

========================================================================
Received Prepare
Registering precompiled user dll's ...
Registered in 0.001469 seconds.
Begin MonoManager ReloadAssembly
Native extension for OSXStandalone target not found
Native extension for WebGL target not found
Refreshing native plugins compatible for Editor in 0.28 ms, found 1 plugins.
Preloading 0 native plugins for Editor in 0.00 ms.
Invoked RoslynAnalysisRunner static constructor.
RoslynAnalysisRunner will not be running.
RoslynAnalysisRunner has terminated.
Mono: successfully reloaded assembly
- Completed reload, in  1.196 seconds
Platform modules already initialized, skipping
Refreshing native plugins compatible for Editor in 0.28 ms, found 1 plugins.
Preloading 0 native plugins for Editor in 0.00 ms.
Unloading 1112 Unused Serialized files (Serialized files now loaded: 0)
System memory in use before: 162.1 MB.
System memory in use after: 162.2 MB.

Unloading 5 unused Assets to reduce memory usage. Loaded Objects now: 1627.
Total: 1.675723 ms (FindLiveObjects: 0.160446 ms CreateObjectMapping: 0.036626 ms MarkObjects: 1.409113 ms  DeleteObjects: 0.068525 ms)

========================================================================
Received Import Request.
  Time since last request: 3024.749996 seconds.
  path: Assets/New Terrain 1.asset
  artifactKey: Guid(9c8f4473cf8314aa1a30078d0da413fb) Importer(815301076,1909f56bfc062723c751e8b465ee728b)
Start importing Assets/New Terrain 1.asset using Guid(9c8f4473cf8314aa1a30078d0da413fb) Importer(815301076,1909f56bfc062723c751e8b465ee728b)  -> (artifact id: '79d7c92242f6337af44a3d7162cffd6b') in 0.282015 seconds
  Import took 0.286223 seconds .

========================================================================
Received Import Request.
  Time since last request: 31.322283 seconds.
  path: Assets/Asset Packs/Synty - Polygon Student Sample/Textures/Characters_Texture_Black.png
  artifactKey: Guid(e842427a572cdcb439fe256d0de3e8d6) Importer(815301076,1909f56bfc062723c751e8b465ee728b)
Start importing Assets/Asset Packs/Synty - Polygon Student Sample/Textures/Characters_Texture_Black.png using Guid(e842427a572cdcb439fe256d0de3e8d6) Importer(815301076,1909f56bfc062723c751e8b465ee728b)  -> (artifact id: 'c689f1a5d3ff4995c2b7113d77493d07') in 1.491699 seconds
  Import took 1.495615 seconds .

========================================================================
Received Import Request.
  Time since last request: 0.000230 seconds.
  path: Assets/Asset Packs/Synty - Polygon Student Sample/Textures/Characters_Texture_Orange.png
  artifactKey: Guid(d7eabf4cd0cdfe448be3b905cd731d4f) Importer(815301076,1909f56bfc062723c751e8b465ee728b)
Start importing Assets/Asset Packs/Synty - Polygon Student Sample/Textures/Characters_Texture_Orange.png using Guid(d7eabf4cd0cdfe448be3b905cd731d4f) Importer(815301076,1909f56bfc062723c751e8b465ee728b)  -> (artifact id: '6e3f57ab8e57552aa3bce728b005c84d') in 0.008518 seconds
  Import took 0.015019 seconds .

========================================================================
Received Import Request.
  Time since last request: 0.000218 seconds.
  path: Assets/Asset Packs/Synty - Polygon Student Sample/Textures/PolyAdventureTexture_01.png
  artifactKey: Guid(b8f889a91be35174bbbb38d1057b6493) Importer(815301076,1909f56bfc062723c751e8b465ee728b)
Start importing Assets/Asset Packs/Synty - Polygon Student Sample/Textures/PolyAdventureTexture_01.png using Guid(b8f889a91be35174bbbb38d1057b6493) Importer(815301076,1909f56bfc062723c751e8b465ee728b)  -> (artifact id: '9531f03688a513c714b30c4279a05a3f') in 0.033987 seconds
  Import took 0.036744 seconds .

========================================================================
Received Import Request.
  Time since last request: 0.000280 seconds.
  path: Assets/Asset Packs/Synty - Polygon Student Sample/Textures/Texture_01.png
  artifactKey: Guid(370214d29559d094bbd95faa22ad92b7) Importer(815301076,1909f56bfc062723c751e8b465ee728b)
Start importing Assets/Asset Packs/Synty - Polygon Student Sample/Textures/Texture_01.png using Guid(370214d29559d094bbd95faa22ad92b7) Importer(815301076,1909f56bfc062723c751e8b465ee728b)  -> (artifact id: '7e95019d035e9d8fee7496d10c2751a5') in 0.012334 seconds
  Import took 0.015067 seconds .

========================================================================
Received Import Request.
  Time since last request: 0.000401 seconds.
  path: Assets/Asset Packs/Synty - Polygon Student Sample/Textures/Characters_Texture_Red.png
  artifactKey: Guid(881cde1dc105a5744b78cf3bf14f25cc) Importer(815301076,1909f56bfc062723c751e8b465ee728b)
Start importing Assets/Asset Packs/Synty - Polygon Student Sample/Textures/Characters_Texture_Red.png using Guid(881cde1dc105a5744b78cf3bf14f25cc) Importer(815301076,1909f56bfc062723c751e8b465ee728b)  -> (artifact id: 'b7b0c6151465dbb2e833c513be8f348a') in 0.012572 seconds
  Import took 0.016111 seconds .

========================================================================
Received Import Request.
  Time since last request: 0.000382 seconds.
  path: Assets/Asset Packs/Synty - Polygon Student Sample/Textures/Characters_Texture_Blue.png
  artifactKey: Guid(3d337c96239e1f746a3c65eb5d66a678) Importer(815301076,1909f56bfc062723c751e8b465ee728b)
Start importing Assets/Asset Packs/Synty - Polygon Student Sample/Textures/Characters_Texture_Blue.png using Guid(3d337c96239e1f746a3c65eb5d66a678) Importer(815301076,1909f56bfc062723c751e8b465ee728b)  -> (artifact id: '49b69038a7b8f881d12dcd6efa0e21ab') in 0.010871 seconds
  Import took 0.013900 seconds .

========================================================================
Received Import Request.
  Time since last request: 0.000328 seconds.
  path: Assets/Asset Packs/Synty - Polygon Student Sample/Textures/PolygonSamurai_Tex_01.png
  artifactKey: Guid(57fee65f3ac7eb64e874d0c659e718ab) Importer(815301076,1909f56bfc062723c751e8b465ee728b)
Start importing Assets/Asset Packs/Synty - Polygon Student Sample/Textures/PolygonSamurai_Tex_01.png using Guid(57fee65f3ac7eb64e874d0c659e718ab) Importer(815301076,1909f56bfc062723c751e8b465ee728b)  -> (artifact id: '4b1430c3c329fa07b17f249a9c0f53b8') in 0.023393 seconds
  Import took 0.027438 seconds .

========================================================================
Received Import Request.
  Time since last request: 0.000353 seconds.
  path: Assets/Asset Packs/Synty - Polygon Student Sample/Textures/Texture_01_Vikings.png
  artifactKey: Guid(0e16611dc4905bc40b3602e5077d5d94) Importer(815301076,1909f56bfc062723c751e8b465ee728b)
Start importing Assets/Asset Packs/Synty - Polygon Student Sample/Textures/Texture_01_Vikings.png using Guid(0e16611dc4905bc40b3602e5077d5d94) Importer(815301076,1909f56bfc062723c751e8b465ee728b)  -> (artifact id: '793689782f3328a2f4ebe8d88ad52d3c') in 0.009541 seconds
  Import took 0.012828 seconds .

========================================================================
Received Import Request.
  Time since last request: 0.000332 seconds.
  path: Assets/Asset Packs/Synty - Polygon Student Sample/Textures/Characters_Texture_Red.png
  artifactKey: Guid(881cde1dc105a5744b78cf3bf14f25cc) Importer(815301076,1909f56bfc062723c751e8b465ee728b)
Start importing Assets/Asset Packs/Synty - Polygon Student Sample/Textures/Characters_Texture_Red.png using Guid(881cde1dc105a5744b78cf3bf14f25cc) Importer(815301076,1909f56bfc062723c751e8b465ee728b)  -> (artifact id: 'b7b0c6151465dbb2e833c513be8f348a') in 0.020980 seconds
  Import took 0.023884 seconds .

========================================================================
Received Import Request.
  Time since last request: 22.749585 seconds.
  path: Assets/Scenes/Sandbox.unity
  artifactKey: Guid(9fc0d4010bbf28b4594072e72b8655ab) Importer(815301076,1909f56bfc062723c751e8b465ee728b)
Start importing Assets/Scenes/Sandbox.unity using Guid(9fc0d4010bbf28b4594072e72b8655ab) Importer(815301076,1909f56bfc062723c751e8b465ee728b)  -> (artifact id: '1e5d9d8e33feabc75bbf35972ad1cf69') in 0.006625 seconds
  Import took 0.009019 seconds .

========================================================================
Received Import Request.
  Time since last request: 2263.728440 seconds.
  path: Assets/Terrain
  artifactKey: Guid(c3445f1c2dcc14156a8a44826ea214df) Importer(815301076,1909f56bfc062723c751e8b465ee728b)
Start importing Assets/Terrain using Guid(c3445f1c2dcc14156a8a44826ea214df) Importer(815301076,1909f56bfc062723c751e8b465ee728b)  -> (artifact id: 'd5ead008a7200a06c1d84ea740714d1c') in 0.002094 seconds
  Import took 0.004411 seconds .

========================================================================
Received Prepare
Registering precompiled user dll's ...
Registered in 0.002530 seconds.
Begin MonoManager ReloadAssembly
Native extension for OSXStandalone target not found
Native extension for WebGL target not found
Refreshing native plugins compatible for Editor in 0.26 ms, found 1 plugins.
Preloading 0 native plugins for Editor in 0.00 ms.
Invoked RoslynAnalysisRunner static constructor.
RoslynAnalysisRunner will not be running.
RoslynAnalysisRunner has terminated.
Mono: successfully reloaded assembly
- Completed reload, in  1.233 seconds
Platform modules already initialized, skipping
Refreshing native plugins compatible for Editor in 0.29 ms, found 1 plugins.
Preloading 0 native plugins for Editor in 0.00 ms.
Unloading 1112 Unused Serialized files (Serialized files now loaded: 0)
System memory in use before: 170.8 MB.
System memory in use after: 170.9 MB.

Unloading 5 unused Assets to reduce memory usage. Loaded Objects now: 1632.
Total: 1.678003 ms (FindLiveObjects: 0.182082 ms CreateObjectMapping: 0.036883 ms MarkObjects: 1.388065 ms  DeleteObjects: 0.069760 ms)

========================================================================
Received Prepare
Registering precompiled user dll's ...
Registered in 0.000521 seconds.
Begin MonoManager ReloadAssembly
Native extension for OSXStandalone target not found
Native extension for WebGL target not found
Refreshing native plugins compatible for Editor in 0.27 ms, found 1 plugins.
Preloading 0 native plugins for Editor in 0.00 ms.
Invoked RoslynAnalysisRunner static constructor.
RoslynAnalysisRunner will not be running.
RoslynAnalysisRunner has terminated.
Mono: successfully reloaded assembly
- Completed reload, in  1.244 seconds
Platform modules already initialized, skipping
Refreshing native plugins compatible for Editor in 0.31 ms, found 1 plugins.
Preloading 0 native plugins for Editor in 0.00 ms.
Unloading 1112 Unused Serialized files (Serialized files now loaded: 0)
System memory in use before: 171.0 MB.
System memory in use after: 171.1 MB.

Unloading 5 unused Assets to reduce memory usage. Loaded Objects now: 1635.
Total: 3.393743 ms (FindLiveObjects: 0.309620 ms CreateObjectMapping: 0.092924 ms MarkObjects: 2.867307 ms  DeleteObjects: 0.120961 ms)

========================================================================
Received Prepare
Registering precompiled user dll's ...
Registered in 0.000438 seconds.
Begin MonoManager ReloadAssembly
Native extension for OSXStandalone target not found
Native extension for WebGL target not found
Refreshing native plugins compatible for Editor in 0.28 ms, found 1 plugins.
Preloading 0 native plugins for Editor in 0.00 ms.
Invoked RoslynAnalysisRunner static constructor.
RoslynAnalysisRunner will not be running.
RoslynAnalysisRunner has terminated.
Mono: successfully reloaded assembly
- Completed reload, in  1.453 seconds
Platform modules already initialized, skipping
Refreshing native plugins compatible for Editor in 0.23 ms, found 1 plugins.
Preloading 0 native plugins for Editor in 0.00 ms.
Unloading 1112 Unused Serialized files (Serialized files now loaded: 0)
System memory in use before: 171.2 MB.
System memory in use after: 171.3 MB.

Unloading 5 unused Assets to reduce memory usage. Loaded Objects now: 1638.
Total: 2.875136 ms (FindLiveObjects: 0.315724 ms CreateObjectMapping: 0.079575 ms MarkObjects: 2.342272 ms  DeleteObjects: 0.135330 ms)

========================================================================
Received Prepare
Registering precompiled user dll's ...
Registered in 0.002254 seconds.
Begin MonoManager ReloadAssembly
Native extension for OSXStandalone target not found
Native extension for WebGL target not found
Refreshing native plugins compatible for Editor in 0.29 ms, found 1 plugins.
Preloading 0 native plugins for Editor in 0.00 ms.
Invoked RoslynAnalysisRunner static constructor.
RoslynAnalysisRunner will not be running.
RoslynAnalysisRunner has terminated.
Mono: successfully reloaded assembly
- Completed reload, in  1.084 seconds
Platform modules already initialized, skipping
Refreshing native plugins compatible for Editor in 0.23 ms, found 1 plugins.
Preloading 0 native plugins for Editor in 0.00 ms.
Unloading 1112 Unused Serialized files (Serialized files now loaded: 0)
System memory in use before: 171.4 MB.
System memory in use after: 171.5 MB.

Unloading 5 unused Assets to reduce memory usage. Loaded Objects now: 1641.
Total: 2.510085 ms (FindLiveObjects: 0.298489 ms CreateObjectMapping: 0.105088 ms MarkObjects: 2.014102 ms  DeleteObjects: 0.090167 ms)

========================================================================
Received Prepare
Registering precompiled user dll's ...
Registered in 0.000427 seconds.
Begin MonoManager ReloadAssembly
Native extension for OSXStandalone target not found
Native extension for WebGL target not found
Refreshing native plugins compatible for Editor in 0.25 ms, found 1 plugins.
Preloading 0 native plugins for Editor in 0.00 ms.
Invoked RoslynAnalysisRunner static constructor.
RoslynAnalysisRunner will not be running.
RoslynAnalysisRunner has terminated.
Mono: successfully reloaded assembly
- Completed reload, in  1.074 seconds
Platform modules already initialized, skipping
Refreshing native plugins compatible for Editor in 0.23 ms, found 1 plugins.
Preloading 0 native plugins for Editor in 0.00 ms.
Unloading 1113 Unused Serialized files (Serialized files now loaded: 0)
System memory in use before: 171.6 MB.
System memory in use after: 171.7 MB.

Unloading 5 unused Assets to reduce memory usage. Loaded Objects now: 1645.
Total: 1.900430 ms (FindLiveObjects: 0.197290 ms CreateObjectMapping: 0.042738 ms MarkObjects: 1.580479 ms  DeleteObjects: 0.078280 ms)

========================================================================
Received Prepare
Registering precompiled user dll's ...
Registered in 0.000798 seconds.
Begin MonoManager ReloadAssembly
Native extension for OSXStandalone target not found
Native extension for WebGL target not found
Refreshing native plugins compatible for Editor in 0.26 ms, found 1 plugins.
Preloading 0 native plugins for Editor in 0.00 ms.
Invoked RoslynAnalysisRunner static constructor.
RoslynAnalysisRunner will not be running.
RoslynAnalysisRunner has terminated.
Mono: successfully reloaded assembly
- Completed reload, in  1.160 seconds
Platform modules already initialized, skipping
Refreshing native plugins compatible for Editor in 0.23 ms, found 1 plugins.
Preloading 0 native plugins for Editor in 0.00 ms.
Unloading 1113 Unused Serialized files (Serialized files now loaded: 0)
System memory in use before: 171.8 MB.
System memory in use after: 171.9 MB.

Unloading 5 unused Assets to reduce memory usage. Loaded Objects now: 1648.
Total: 3.566120 ms (FindLiveObjects: 0.443406 ms CreateObjectMapping: 0.159439 ms MarkObjects: 2.838233 ms  DeleteObjects: 0.122509 ms)

========================================================================
Received Import Request.
  Time since last request: 519.252152 seconds.
  path: Assets/Prefabs/Player.prefab
  artifactKey: Guid(b2b3701a0c0804dadb27b56ba5bd8feb) Importer(815301076,1909f56bfc062723c751e8b465ee728b)
Start importing Assets/Prefabs/Player.prefab using Guid(b2b3701a0c0804dadb27b56ba5bd8feb) Importer(815301076,1909f56bfc062723c751e8b465ee728b)  -> (artifact id: '61c9f1d1fa62d368ee55de441af306ec') in 0.129956 seconds
  Import took 0.133293 seconds .

========================================================================
Received Prepare
Registering precompiled user dll's ...
Registered in 0.000827 seconds.
Begin MonoManager ReloadAssembly
Native extension for OSXStandalone target not found
Native extension for WebGL target not found
Refreshing native plugins compatible for Editor in 0.23 ms, found 1 plugins.
Preloading 0 native plugins for Editor in 0.00 ms.
Invoked RoslynAnalysisRunner static constructor.
RoslynAnalysisRunner will not be running.
RoslynAnalysisRunner has terminated.
Mono: successfully reloaded assembly
- Completed reload, in  1.259 seconds
Platform modules already initialized, skipping
Refreshing native plugins compatible for Editor in 0.24 ms, found 1 plugins.
Preloading 0 native plugins for Editor in 0.00 ms.
Unloading 1113 Unused Serialized files (Serialized files now loaded: 0)
System memory in use before: 172.1 MB.
System memory in use after: 172.2 MB.

Unloading 5 unused Assets to reduce memory usage. Loaded Objects now: 1652.
Total: 2.188422 ms (FindLiveObjects: 0.208710 ms CreateObjectMapping: 0.043822 ms MarkObjects: 1.856581 ms  DeleteObjects: 0.077760 ms)

========================================================================
Received Import Request.
  Time since last request: 33.905382 seconds.
  path: Assets/Prefabs/Player.prefab
  artifactKey: Guid(b2b3701a0c0804dadb27b56ba5bd8feb) Importer(815301076,1909f56bfc062723c751e8b465ee728b)
Start importing Assets/Prefabs/Player.prefab using Guid(b2b3701a0c0804dadb27b56ba5bd8feb) Importer(815301076,1909f56bfc062723c751e8b465ee728b)  -> (artifact id: '32b10317e945f51985d1c556816b7ecb') in 0.093312 seconds
  Import took 0.096227 seconds .

========================================================================
Received Prepare
Registering precompiled user dll's ...
Registered in 0.000856 seconds.
Begin MonoManager ReloadAssembly
Native extension for OSXStandalone target not found
Native extension for WebGL target not found
Refreshing native plugins compatible for Editor in 0.24 ms, found 1 plugins.
Preloading 0 native plugins for Editor in 0.00 ms.
Invoked RoslynAnalysisRunner static constructor.
RoslynAnalysisRunner will not be running.
RoslynAnalysisRunner has terminated.
Mono: successfully reloaded assembly
- Completed reload, in  1.133 seconds
Platform modules already initialized, skipping
Refreshing native plugins compatible for Editor in 0.27 ms, found 1 plugins.
Preloading 0 native plugins for Editor in 0.00 ms.
Unloading 1113 Unused Serialized files (Serialized files now loaded: 0)
System memory in use before: 172.4 MB.
System memory in use after: 172.5 MB.

Unloading 5 unused Assets to reduce memory usage. Loaded Objects now: 1656.
Total: 2.282659 ms (FindLiveObjects: 0.171175 ms CreateObjectMapping: 0.038259 ms MarkObjects: 1.976366 ms  DeleteObjects: 0.095280 ms)

========================================================================
Received Prepare
Registering precompiled user dll's ...
Registered in 0.000519 seconds.
Begin MonoManager ReloadAssembly
Native extension for OSXStandalone target not found
Native extension for WebGL target not found
Refreshing native plugins compatible for Editor in 0.23 ms, found 1 plugins.
Preloading 0 native plugins for Editor in 0.00 ms.
Invoked RoslynAnalysisRunner static constructor.
RoslynAnalysisRunner will not be running.
RoslynAnalysisRunner has terminated.
Mono: successfully reloaded assembly
- Completed reload, in  1.087 seconds
Platform modules already initialized, skipping
Refreshing native plugins compatible for Editor in 0.23 ms, found 1 plugins.
Preloading 0 native plugins for Editor in 0.00 ms.
Unloading 1113 Unused Serialized files (Serialized files now loaded: 0)
System memory in use before: 172.6 MB.
System memory in use after: 172.7 MB.

Unloading 5 unused Assets to reduce memory usage. Loaded Objects now: 1659.
Total: 2.060097 ms (FindLiveObjects: 0.198365 ms CreateObjectMapping: 0.046210 ms MarkObjects: 1.727266 ms  DeleteObjects: 0.086242 ms)

========================================================================
Received Prepare
Registering precompiled user dll's ...
Registered in 0.001369 seconds.
Begin MonoManager ReloadAssembly
Native extension for OSXStandalone target not found
Native extension for WebGL target not found
Refreshing native plugins compatible for Editor in 1.19 ms, found 1 plugins.
Preloading 0 native plugins for Editor in 0.00 ms.
Invoked RoslynAnalysisRunner static constructor.
RoslynAnalysisRunner will not be running.
RoslynAnalysisRunner has terminated.
Mono: successfully reloaded assembly
- Completed reload, in  2.092 seconds
Platform modules already initialized, skipping
Refreshing native plugins compatible for Editor in 0.30 ms, found 1 plugins.
Preloading 0 native plugins for Editor in 0.00 ms.
Unloading 1113 Unused Serialized files (Serialized files now loaded: 0)
System memory in use before: 172.8 MB.
System memory in use after: 172.9 MB.

Unloading 5 unused Assets to reduce memory usage. Loaded Objects now: 1662.
Total: 2.427055 ms (FindLiveObjects: 0.212910 ms CreateObjectMapping: 0.056222 ms MarkObjects: 2.066309 ms  DeleteObjects: 0.089750 ms)

========================================================================
Received Prepare
Registering precompiled user dll's ...
Registered in 0.001023 seconds.
Begin MonoManager ReloadAssembly
Native extension for OSXStandalone target not found
Native extension for WebGL target not found
Refreshing native plugins compatible for Editor in 0.24 ms, found 1 plugins.
Preloading 0 native plugins for Editor in 0.00 ms.
Invoked RoslynAnalysisRunner static constructor.
RoslynAnalysisRunner will not be running.
RoslynAnalysisRunner has terminated.
Mono: successfully reloaded assembly
- Completed reload, in  1.052 seconds
Platform modules already initialized, skipping
Refreshing native plugins compatible for Editor in 0.23 ms, found 1 plugins.
Preloading 0 native plugins for Editor in 0.00 ms.
Unloading 1113 Unused Serialized files (Serialized files now loaded: 0)
System memory in use before: 173.0 MB.
System memory in use after: 173.1 MB.

Unloading 5 unused Assets to reduce memory usage. Loaded Objects now: 1665.
Total: 1.847545 ms (FindLiveObjects: 0.253579 ms CreateObjectMapping: 0.041920 ms MarkObjects: 1.476815 ms  DeleteObjects: 0.074321 ms)

========================================================================
Received Prepare
Registering precompiled user dll's ...
Registered in 0.000752 seconds.
Begin MonoManager ReloadAssembly
Native extension for OSXStandalone target not found
Native extension for WebGL target not found
Refreshing native plugins compatible for Editor in 0.37 ms, found 1 plugins.
Preloading 0 native plugins for Editor in 0.00 ms.
Invoked RoslynAnalysisRunner static constructor.
RoslynAnalysisRunner will not be running.
RoslynAnalysisRunner has terminated.
Mono: successfully reloaded assembly
- Completed reload, in  1.327 seconds
Platform modules already initialized, skipping
Refreshing native plugins compatible for Editor in 0.43 ms, found 1 plugins.
Preloading 0 native plugins for Editor in 0.00 ms.
Unloading 1113 Unused Serialized files (Serialized files now loaded: 0)
System memory in use before: 173.2 MB.
System memory in use after: 173.3 MB.

Unloading 5 unused Assets to reduce memory usage. Loaded Objects now: 1668.
Total: 2.692423 ms (FindLiveObjects: 0.242015 ms CreateObjectMapping: 0.046495 ms MarkObjects: 2.255909 ms  DeleteObjects: 0.144704 ms)

========================================================================
Received Prepare
Registering precompiled user dll's ...
Registered in 0.000718 seconds.
Begin MonoManager ReloadAssembly
Native extension for OSXStandalone target not found
Native extension for WebGL target not found
Refreshing native plugins compatible for Editor in 0.23 ms, found 1 plugins.
Preloading 0 native plugins for Editor in 0.00 ms.
Invoked RoslynAnalysisRunner static constructor.
RoslynAnalysisRunner will not be running.
RoslynAnalysisRunner has terminated.
Mono: successfully reloaded assembly
- Completed reload, in  1.036 seconds
Platform modules already initialized, skipping
Refreshing native plugins compatible for Editor in 0.23 ms, found 1 plugins.
Preloading 0 native plugins for Editor in 0.00 ms.
Unloading 1114 Unused Serialized files (Serialized files now loaded: 0)
System memory in use before: 173.4 MB.
System memory in use after: 173.5 MB.

Unloading 5 unused Assets to reduce memory usage. Loaded Objects now: 1672.
Total: 1.908662 ms (FindLiveObjects: 0.210718 ms CreateObjectMapping: 0.048147 ms MarkObjects: 1.567432 ms  DeleteObjects: 0.080610 ms)

========================================================================
Received Prepare
Registering precompiled user dll's ...
Registered in 0.000443 seconds.
Begin MonoManager ReloadAssembly
Native extension for OSXStandalone target not found
Native extension for WebGL target not found
Refreshing native plugins compatible for Editor in 0.23 ms, found 1 plugins.
Preloading 0 native plugins for Editor in 0.00 ms.
Invoked RoslynAnalysisRunner static constructor.
RoslynAnalysisRunner will not be running.
RoslynAnalysisRunner has terminated.
Mono: successfully reloaded assembly
- Completed reload, in  1.053 seconds
Platform modules already initialized, skipping
Refreshing native plugins compatible for Editor in 0.24 ms, found 1 plugins.
Preloading 0 native plugins for Editor in 0.00 ms.
Unloading 1114 Unused Serialized files (Serialized files now loaded: 0)
System memory in use before: 173.6 MB.
System memory in use after: 173.7 MB.

Unloading 5 unused Assets to reduce memory usage. Loaded Objects now: 1675.
Total: 1.748169 ms (FindLiveObjects: 0.197708 ms CreateObjectMapping: 0.039235 ms MarkObjects: 1.432311 ms  DeleteObjects: 0.077398 ms)

========================================================================
Received Import Request.
  Time since last request: 1236.950033 seconds.
  path: Assets/Scripts/Fighter.cs
  artifactKey: Guid(c34eefba38b0e4cbf84069a5e0a2cfdc) Importer(815301076,1909f56bfc062723c751e8b465ee728b)
Start importing Assets/Scripts/Fighter.cs using Guid(c34eefba38b0e4cbf84069a5e0a2cfdc) Importer(815301076,1909f56bfc062723c751e8b465ee728b)  -> (artifact id: '597ea10b56de5860c66448fa4e793d34') in 0.005358 seconds
  Import took 0.007731 seconds .

========================================================================
Received Import Request.
  Time since last request: 0.000955 seconds.
  path: Assets/Scripts/Fighter.cs
  artifactKey: Guid(c34eefba38b0e4cbf84069a5e0a2cfdc) Importer(815301076,1909f56bfc062723c751e8b465ee728b)
Start importing Assets/Scripts/Fighter.cs using Guid(c34eefba38b0e4cbf84069a5e0a2cfdc) Importer(815301076,1909f56bfc062723c751e8b465ee728b)  -> (artifact id: '597ea10b56de5860c66448fa4e793d34') in 0.002082 seconds
  Import took 0.004534 seconds .

========================================================================
Received Prepare
Registering precompiled user dll's ...
Registered in 0.000724 seconds.
Begin MonoManager ReloadAssembly
Native extension for OSXStandalone target not found
Native extension for WebGL target not found
Refreshing native plugins compatible for Editor in 0.33 ms, found 1 plugins.
Preloading 0 native plugins for Editor in 0.00 ms.
Invoked RoslynAnalysisRunner static constructor.
RoslynAnalysisRunner will not be running.
RoslynAnalysisRunner has terminated.
Mono: successfully reloaded assembly
- Completed reload, in  1.094 seconds
Platform modules already initialized, skipping
Refreshing native plugins compatible for Editor in 0.29 ms, found 1 plugins.
Preloading 0 native plugins for Editor in 0.00 ms.
Unloading 1114 Unused Serialized files (Serialized files now loaded: 0)
System memory in use before: 173.8 MB.
System memory in use after: 173.9 MB.

Unloading 5 unused Assets to reduce memory usage. Loaded Objects now: 1678.
Total: 2.293753 ms (FindLiveObjects: 0.244953 ms CreateObjectMapping: 0.056989 ms MarkObjects: 1.899442 ms  DeleteObjects: 0.090210 ms)

========================================================================
Received Import Request.
  Time since last request: 119.543592 seconds.
  path: Assets/Scripts/Fighter.cs
  artifactKey: Guid(c34eefba38b0e4cbf84069a5e0a2cfdc) Importer(815301076,1909f56bfc062723c751e8b465ee728b)
Start importing Assets/Scripts/Fighter.cs using Guid(c34eefba38b0e4cbf84069a5e0a2cfdc) Importer(815301076,1909f56bfc062723c751e8b465ee728b)  -> (artifact id: 'f625a97a6fcff1ae782fbd2cfee2de04') in 0.004078 seconds
  Import took 0.006263 seconds .

========================================================================
Received Import Request.
  Time since last request: 14.793301 seconds.
  path: Assets/Scripts/CombatTarget.cs
  artifactKey: Guid(8517611bb89b34417a6f5cd549630ebd) Importer(815301076,1909f56bfc062723c751e8b465ee728b)
Start importing Assets/Scripts/CombatTarget.cs using Guid(8517611bb89b34417a6f5cd549630ebd) Importer(815301076,1909f56bfc062723c751e8b465ee728b)  -> (artifact id: 'd24e8db5df25821334d556740d372d31') in 0.004099 seconds
  Import took 0.007398 seconds .

========================================================================
Received Prepare
Registering precompiled user dll's ...
Registered in 0.000768 seconds.
Begin MonoManager ReloadAssembly
Native extension for OSXStandalone target not found
Native extension for WebGL target not found
Refreshing native plugins compatible for Editor in 0.50 ms, found 1 plugins.
Preloading 0 native plugins for Editor in 0.00 ms.
Invoked RoslynAnalysisRunner static constructor.
RoslynAnalysisRunner will not be running.
RoslynAnalysisRunner has terminated.
Mono: successfully reloaded assembly
- Completed reload, in  1.254 seconds
Platform modules already initialized, skipping
Refreshing native plugins compatible for Editor in 0.44 ms, found 1 plugins.
Preloading 0 native plugins for Editor in 0.00 ms.
Unloading 1115 Unused Serialized files (Serialized files now loaded: 0)
System memory in use before: 174.1 MB.
System memory in use after: 174.1 MB.

Unloading 5 unused Assets to reduce memory usage. Loaded Objects now: 1682.
Total: 2.448168 ms (FindLiveObjects: 0.288578 ms CreateObjectMapping: 0.048043 ms MarkObjects: 2.024048 ms  DeleteObjects: 0.085985 ms)

